<?xml version="1.0" encoding="UTF-8"?>
<testsuite xmlns:xsi="http://www.w3.org/2001/XMLSchema-instance" xsi:noNamespaceSchemaLocation="https://maven.apache.org/surefire/maven-surefire-plugin/xsd/surefire-test-report.xsd" version="3.0.2" name="com.codelogium.ticketing.TicketingApplicationTests" time="1.73" tests="1" errors="0" skipped="0" failures="0">
  <properties>
    <property name="java.specification.version" value="25"/>
    <property name="sun.jnu.encoding" value="UTF-8"/>
    <property name="java.class.path" value="/Users/thanawatueasiripracha/Desktop/KKU/ticket_dorm/target/test-classes:/Users/thanawatueasiripracha/Desktop/KKU/ticket_dorm/target/classes:/Users/thanawatueasiripracha/.m2/repository/org/springframework/boot/spring-boot-starter-data-jpa/3.4.3/spring-boot-starter-data-jpa-3.4.3.jar:/Users/thanawatueasiripracha/.m2/repository/org/springframework/boot/spring-boot-starter/3.4.3/spring-boot-starter-3.4.3.jar:/Users/thanawatueasiripracha/.m2/repository/org/springframework/boot/spring-boot-starter-logging/3.4.3/spring-boot-starter-logging-3.4.3.jar:/Users/thanawatueasiripracha/.m2/repository/ch/qos/logback/logback-classic/1.5.16/logback-classic-1.5.16.jar:/Users/thanawatueasiripracha/.m2/repository/ch/qos/logback/logback-core/1.5.16/logback-core-1.5.16.jar:/Users/thanawatueasiripracha/.m2/repository/org/apache/logging/log4j/log4j-to-slf4j/2.24.3/log4j-to-slf4j-2.24.3.jar:/Users/thanawatueasiripracha/.m2/repository/org/apache/logging/log4j/log4j-api/2.24.3/log4j-api-2.24.3.jar:/Users/thanawatueasiripracha/.m2/repository/org/slf4j/jul-to-slf4j/2.0.16/jul-to-slf4j-2.0.16.jar:/Users/thanawatueasiripracha/.m2/repository/jakarta/annotation/jakarta.annotation-api/2.1.1/jakarta.annotation-api-2.1.1.jar:/Users/thanawatueasiripracha/.m2/repository/org/yaml/snakeyaml/2.3/snakeyaml-2.3.jar:/Users/thanawatueasiripracha/.m2/repository/org/springframework/boot/spring-boot-starter-jdbc/3.4.3/spring-boot-starter-jdbc-3.4.3.jar:/Users/thanawatueasiripracha/.m2/repository/com/zaxxer/HikariCP/5.1.0/HikariCP-5.1.0.jar:/Users/thanawatueasiripracha/.m2/repository/org/springframework/spring-jdbc/6.2.3/spring-jdbc-6.2.3.jar:/Users/thanawatueasiripracha/.m2/repository/org/hibernate/orm/hibernate-core/6.6.8.Final/hibernate-core-6.6.8.Final.jar:/Users/thanawatueasiripracha/.m2/repository/jakarta/persistence/jakarta.persistence-api/3.1.0/jakarta.persistence-api-3.1.0.jar:/Users/thanawatueasiripracha/.m2/repository/jakarta/transaction/jakarta.transaction-api/2.0.1/jakarta.transaction-api-2.0.1.jar:/Users/thanawatueasiripracha/.m2/repository/org/jboss/logging/jboss-logging/3.6.1.Final/jboss-logging-3.6.1.Final.jar:/Users/thanawatueasiripracha/.m2/repository/org/hibernate/common/hibernate-commons-annotations/7.0.3.Final/hibernate-commons-annotations-7.0.3.Final.jar:/Users/thanawatueasiripracha/.m2/repository/io/smallrye/jandex/3.2.0/jandex-3.2.0.jar:/Users/thanawatueasiripracha/.m2/repository/com/fasterxml/classmate/1.7.0/classmate-1.7.0.jar:/Users/thanawatueasiripracha/.m2/repository/net/bytebuddy/byte-buddy/1.15.11/byte-buddy-1.15.11.jar:/Users/thanawatueasiripracha/.m2/repository/org/glassfish/jaxb/jaxb-runtime/4.0.5/jaxb-runtime-4.0.5.jar:/Users/thanawatueasiripracha/.m2/repository/org/glassfish/jaxb/jaxb-core/4.0.5/jaxb-core-4.0.5.jar:/Users/thanawatueasiripracha/.m2/repository/org/eclipse/angus/angus-activation/2.0.2/angus-activation-2.0.2.jar:/Users/thanawatueasiripracha/.m2/repository/org/glassfish/jaxb/txw2/4.0.5/txw2-4.0.5.jar:/Users/thanawatueasiripracha/.m2/repository/com/sun/istack/istack-commons-runtime/4.1.2/istack-commons-runtime-4.1.2.jar:/Users/thanawatueasiripracha/.m2/repository/jakarta/inject/jakarta.inject-api/2.0.1/jakarta.inject-api-2.0.1.jar:/Users/thanawatueasiripracha/.m2/repository/org/antlr/antlr4-runtime/4.13.0/antlr4-runtime-4.13.0.jar:/Users/thanawatueasiripracha/.m2/repository/org/springframework/data/spring-data-jpa/3.4.3/spring-data-jpa-3.4.3.jar:/Users/thanawatueasiripracha/.m2/repository/org/springframework/data/spring-data-commons/3.4.3/spring-data-commons-3.4.3.jar:/Users/thanawatueasiripracha/.m2/repository/org/springframework/spring-orm/6.2.3/spring-orm-6.2.3.jar:/Users/thanawatueasiripracha/.m2/repository/org/springframework/spring-context/6.2.3/spring-context-6.2.3.jar:/Users/thanawatueasiripracha/.m2/repository/org/springframework/spring-tx/6.2.3/spring-tx-6.2.3.jar:/Users/thanawatueasiripracha/.m2/repository/org/springframework/spring-beans/6.2.3/spring-beans-6.2.3.jar:/Users/thanawatueasiripracha/.m2/repository/org/slf4j/slf4j-api/2.0.16/slf4j-api-2.0.16.jar:/Users/thanawatueasiripracha/.m2/repository/org/springframework/spring-aspects/6.2.3/spring-aspects-6.2.3.jar:/Users/thanawatueasiripracha/.m2/repository/org/aspectj/aspectjweaver/1.9.22.1/aspectjweaver-1.9.22.1.jar:/Users/thanawatueasiripracha/.m2/repository/org/springframework/boot/spring-boot-starter-web/3.4.3/spring-boot-starter-web-3.4.3.jar:/Users/thanawatueasiripracha/.m2/repository/org/springframework/boot/spring-boot-starter-json/3.4.3/spring-boot-starter-json-3.4.3.jar:/Users/thanawatueasiripracha/.m2/repository/com/fasterxml/jackson/datatype/jackson-datatype-jdk8/2.18.2/jackson-datatype-jdk8-2.18.2.jar:/Users/thanawatueasiripracha/.m2/repository/com/fasterxml/jackson/datatype/jackson-datatype-jsr310/2.18.2/jackson-datatype-jsr310-2.18.2.jar:/Users/thanawatueasiripracha/.m2/repository/com/fasterxml/jackson/module/jackson-module-parameter-names/2.18.2/jackson-module-parameter-names-2.18.2.jar:/Users/thanawatueasiripracha/.m2/repository/org/springframework/boot/spring-boot-starter-tomcat/3.4.3/spring-boot-starter-tomcat-3.4.3.jar:/Users/thanawatueasiripracha/.m2/repository/org/apache/tomcat/embed/tomcat-embed-core/10.1.36/tomcat-embed-core-10.1.36.jar:/Users/thanawatueasiripracha/.m2/repository/org/apache/tomcat/embed/tomcat-embed-websocket/10.1.36/tomcat-embed-websocket-10.1.36.jar:/Users/thanawatueasiripracha/.m2/repository/org/springframework/spring-web/6.2.3/spring-web-6.2.3.jar:/Users/thanawatueasiripracha/.m2/repository/io/micrometer/micrometer-observation/1.14.4/micrometer-observation-1.14.4.jar:/Users/thanawatueasiripracha/.m2/repository/io/micrometer/micrometer-commons/1.14.4/micrometer-commons-1.14.4.jar:/Users/thanawatueasiripracha/.m2/repository/org/springframework/spring-webmvc/6.2.3/spring-webmvc-6.2.3.jar:/Users/thanawatueasiripracha/.m2/repository/org/springframework/spring-expression/6.2.3/spring-expression-6.2.3.jar:/Users/thanawatueasiripracha/.m2/repository/org/springframework/boot/spring-boot-devtools/3.4.3/spring-boot-devtools-3.4.3.jar:/Users/thanawatueasiripracha/.m2/repository/org/springframework/boot/spring-boot/3.4.3/spring-boot-3.4.3.jar:/Users/thanawatueasiripracha/.m2/repository/org/springframework/boot/spring-boot-autoconfigure/3.4.3/spring-boot-autoconfigure-3.4.3.jar:/Users/thanawatueasiripracha/.m2/repository/org/springframework/boot/spring-boot-starter-security/3.4.3/spring-boot-starter-security-3.4.3.jar:/Users/thanawatueasiripracha/.m2/repository/org/springframework/spring-aop/6.2.3/spring-aop-6.2.3.jar:/Users/thanawatueasiripracha/.m2/repository/org/springframework/security/spring-security-config/6.4.3/spring-security-config-6.4.3.jar:/Users/thanawatueasiripracha/.m2/repository/org/springframework/security/spring-security-core/6.4.3/spring-security-core-6.4.3.jar:/Users/thanawatueasiripracha/.m2/repository/org/springframework/security/spring-security-crypto/6.4.3/spring-security-crypto-6.4.3.jar:/Users/thanawatueasiripracha/.m2/repository/org/springframework/security/spring-security-web/6.4.3/spring-security-web-6.4.3.jar:/Users/thanawatueasiripracha/.m2/repository/com/h2database/h2/2.3.232/h2-2.3.232.jar:/Users/thanawatueasiripracha/.m2/repository/org/springframework/boot/spring-boot-starter-test/3.4.3/spring-boot-starter-test-3.4.3.jar:/Users/thanawatueasiripracha/.m2/repository/org/springframework/boot/spring-boot-test/3.4.3/spring-boot-test-3.4.3.jar:/Users/thanawatueasiripracha/.m2/repository/org/springframework/boot/spring-boot-test-autoconfigure/3.4.3/spring-boot-test-autoconfigure-3.4.3.jar:/Users/thanawatueasiripracha/.m2/repository/com/jayway/jsonpath/json-path/2.9.0/json-path-2.9.0.jar:/Users/thanawatueasiripracha/.m2/repository/jakarta/xml/bind/jakarta.xml.bind-api/4.0.2/jakarta.xml.bind-api-4.0.2.jar:/Users/thanawatueasiripracha/.m2/repository/jakarta/activation/jakarta.activation-api/2.1.3/jakarta.activation-api-2.1.3.jar:/Users/thanawatueasiripracha/.m2/repository/net/minidev/json-smart/2.5.2/json-smart-2.5.2.jar:/Users/thanawatueasiripracha/.m2/repository/net/minidev/accessors-smart/2.5.2/accessors-smart-2.5.2.jar:/Users/thanawatueasiripracha/.m2/repository/org/ow2/asm/asm/9.7.1/asm-9.7.1.jar:/Users/thanawatueasiripracha/.m2/repository/org/assertj/assertj-core/3.26.3/assertj-core-3.26.3.jar:/Users/thanawatueasiripracha/.m2/repository/org/awaitility/awaitility/4.2.2/awaitility-4.2.2.jar:/Users/thanawatueasiripracha/.m2/repository/org/hamcrest/hamcrest/2.2/hamcrest-2.2.jar:/Users/thanawatueasiripracha/.m2/repository/org/junit/jupiter/junit-jupiter/5.11.4/junit-jupiter-5.11.4.jar:/Users/thanawatueasiripracha/.m2/repository/org/junit/jupiter/junit-jupiter-api/5.11.4/junit-jupiter-api-5.11.4.jar:/Users/thanawatueasiripracha/.m2/repository/org/opentest4j/opentest4j/1.3.0/opentest4j-1.3.0.jar:/Users/thanawatueasiripracha/.m2/repository/org/junit/platform/junit-platform-commons/1.11.4/junit-platform-commons-1.11.4.jar:/Users/thanawatueasiripracha/.m2/repository/org/apiguardian/apiguardian-api/1.1.2/apiguardian-api-1.1.2.jar:/Users/thanawatueasiripracha/.m2/repository/org/junit/jupiter/junit-jupiter-params/5.11.4/junit-jupiter-params-5.11.4.jar:/Users/thanawatueasiripracha/.m2/repository/org/junit/jupiter/junit-jupiter-engine/5.11.4/junit-jupiter-engine-5.11.4.jar:/Users/thanawatueasiripracha/.m2/repository/org/junit/platform/junit-platform-engine/1.11.4/junit-platform-engine-1.11.4.jar:/Users/thanawatueasiripracha/.m2/repository/org/mockito/mockito-core/5.14.2/mockito-core-5.14.2.jar:/Users/thanawatueasiripracha/.m2/repository/net/bytebuddy/byte-buddy-agent/1.15.11/byte-buddy-agent-1.15.11.jar:/Users/thanawatueasiripracha/.m2/repository/org/objenesis/objenesis/3.3/objenesis-3.3.jar:/Users/thanawatueasiripracha/.m2/repository/org/mockito/mockito-junit-jupiter/5.14.2/mockito-junit-jupiter-5.14.2.jar:/Users/thanawatueasiripracha/.m2/repository/org/skyscreamer/jsonassert/1.5.3/jsonassert-1.5.3.jar:/Users/thanawatueasiripracha/.m2/repository/com/vaadin/external/google/android-json/0.0.20131108.vaadin1/android-json-0.0.20131108.vaadin1.jar:/Users/thanawatueasiripracha/.m2/repository/org/springframework/spring-core/6.2.3/spring-core-6.2.3.jar:/Users/thanawatueasiripracha/.m2/repository/org/springframework/spring-jcl/6.2.3/spring-jcl-6.2.3.jar:/Users/thanawatueasiripracha/.m2/repository/org/springframework/spring-test/6.2.3/spring-test-6.2.3.jar:/Users/thanawatueasiripracha/.m2/repository/org/xmlunit/xmlunit-core/2.10.0/xmlunit-core-2.10.0.jar:/Users/thanawatueasiripracha/.m2/repository/org/springframework/boot/spring-boot-starter-validation/3.4.3/spring-boot-starter-validation-3.4.3.jar:/Users/thanawatueasiripracha/.m2/repository/org/apache/tomcat/embed/tomcat-embed-el/10.1.36/tomcat-embed-el-10.1.36.jar:/Users/thanawatueasiripracha/.m2/repository/org/hibernate/validator/hibernate-validator/8.0.2.Final/hibernate-validator-8.0.2.Final.jar:/Users/thanawatueasiripracha/.m2/repository/jakarta/validation/jakarta.validation-api/3.0.2/jakarta.validation-api-3.0.2.jar:/Users/thanawatueasiripracha/.m2/repository/org/projectlombok/lombok/1.18.36/lombok-1.18.36.jar:/Users/thanawatueasiripracha/.m2/repository/org/springdoc/springdoc-openapi-starter-webmvc-ui/2.7.0/springdoc-openapi-starter-webmvc-ui-2.7.0.jar:/Users/thanawatueasiripracha/.m2/repository/org/springdoc/springdoc-openapi-starter-webmvc-api/2.7.0/springdoc-openapi-starter-webmvc-api-2.7.0.jar:/Users/thanawatueasiripracha/.m2/repository/org/springdoc/springdoc-openapi-starter-common/2.7.0/springdoc-openapi-starter-common-2.7.0.jar:/Users/thanawatueasiripracha/.m2/repository/io/swagger/core/v3/swagger-core-jakarta/2.2.25/swagger-core-jakarta-2.2.25.jar:/Users/thanawatueasiripracha/.m2/repository/org/apache/commons/commons-lang3/3.17.0/commons-lang3-3.17.0.jar:/Users/thanawatueasiripracha/.m2/repository/io/swagger/core/v3/swagger-annotations-jakarta/2.2.25/swagger-annotations-jakarta-2.2.25.jar:/Users/thanawatueasiripracha/.m2/repository/io/swagger/core/v3/swagger-models-jakarta/2.2.25/swagger-models-jakarta-2.2.25.jar:/Users/thanawatueasiripracha/.m2/repository/com/fasterxml/jackson/dataformat/jackson-dataformat-yaml/2.18.2/jackson-dataformat-yaml-2.18.2.jar:/Users/thanawatueasiripracha/.m2/repository/org/webjars/swagger-ui/5.18.2/swagger-ui-5.18.2.jar:/Users/thanawatueasiripracha/.m2/repository/org/webjars/webjars-locator-lite/1.0.1/webjars-locator-lite-1.0.1.jar:/Users/thanawatueasiripracha/.m2/repository/org/jspecify/jspecify/1.0.0/jspecify-1.0.0.jar:/Users/thanawatueasiripracha/.m2/repository/com/auth0/java-jwt/4.0.0/java-jwt-4.0.0.jar:/Users/thanawatueasiripracha/.m2/repository/com/fasterxml/jackson/core/jackson-databind/2.18.2/jackson-databind-2.18.2.jar:/Users/thanawatueasiripracha/.m2/repository/com/fasterxml/jackson/core/jackson-annotations/2.18.2/jackson-annotations-2.18.2.jar:/Users/thanawatueasiripracha/.m2/repository/com/fasterxml/jackson/core/jackson-core/2.18.2/jackson-core-2.18.2.jar:"/>
    <property name="java.vm.vendor" value="Homebrew"/>
    <property name="sun.arch.data.model" value="64"/>
    <property name="java.vendor.url" value="https://github.com/Homebrew/homebrew-core/issues"/>
    <property name="user.timezone" value="Asia/Bangkok"/>
    <property name="org.jboss.logging.provider" value="slf4j"/>
    <property name="os.name" value="Mac OS X"/>
    <property name="java.vm.specification.version" value="25"/>
    <property name="APPLICATION_NAME" value="ticketing"/>
    <property name="sun.java.launcher" value="SUN_STANDARD"/>
    <property name="user.country" value="TH"/>
    <property name="sun.boot.library.path" value="/opt/homebrew/Cellar/openjdk/25/libexec/openjdk.jdk/Contents/Home/lib"/>
    <property name="sun.java.command" value="/Users/thanawatueasiripracha/Desktop/KKU/ticket_dorm/target/surefire/surefirebooter-20251002162559788_3.jar /Users/thanawatueasiripracha/Desktop/KKU/ticket_dorm/target/surefire 2025-10-02T16-25-59_750-jvmRun1 surefire-20251002162559788_1tmp surefire_0-20251002162559788_2tmp"/>
    <property name="http.nonProxyHosts" value="local|*.local|169.254/16|*.169.254/16"/>
    <property name="jdk.debug" value="release"/>
    <property name="surefire.test.class.path" value="/Users/thanawatueasiripracha/Desktop/KKU/ticket_dorm/target/test-classes:/Users/thanawatueasiripracha/Desktop/KKU/ticket_dorm/target/classes:/Users/thanawatueasiripracha/.m2/repository/org/springframework/boot/spring-boot-starter-data-jpa/3.4.3/spring-boot-starter-data-jpa-3.4.3.jar:/Users/thanawatueasiripracha/.m2/repository/org/springframework/boot/spring-boot-starter/3.4.3/spring-boot-starter-3.4.3.jar:/Users/thanawatueasiripracha/.m2/repository/org/springframework/boot/spring-boot-starter-logging/3.4.3/spring-boot-starter-logging-3.4.3.jar:/Users/thanawatueasiripracha/.m2/repository/ch/qos/logback/logback-classic/1.5.16/logback-classic-1.5.16.jar:/Users/thanawatueasiripracha/.m2/repository/ch/qos/logback/logback-core/1.5.16/logback-core-1.5.16.jar:/Users/thanawatueasiripracha/.m2/repository/org/apache/logging/log4j/log4j-to-slf4j/2.24.3/log4j-to-slf4j-2.24.3.jar:/Users/thanawatueasiripracha/.m2/repository/org/apache/logging/log4j/log4j-api/2.24.3/log4j-api-2.24.3.jar:/Users/thanawatueasiripracha/.m2/repository/org/slf4j/jul-to-slf4j/2.0.16/jul-to-slf4j-2.0.16.jar:/Users/thanawatueasiripracha/.m2/repository/jakarta/annotation/jakarta.annotation-api/2.1.1/jakarta.annotation-api-2.1.1.jar:/Users/thanawatueasiripracha/.m2/repository/org/yaml/snakeyaml/2.3/snakeyaml-2.3.jar:/Users/thanawatueasiripracha/.m2/repository/org/springframework/boot/spring-boot-starter-jdbc/3.4.3/spring-boot-starter-jdbc-3.4.3.jar:/Users/thanawatueasiripracha/.m2/repository/com/zaxxer/HikariCP/5.1.0/HikariCP-5.1.0.jar:/Users/thanawatueasiripracha/.m2/repository/org/springframework/spring-jdbc/6.2.3/spring-jdbc-6.2.3.jar:/Users/thanawatueasiripracha/.m2/repository/org/hibernate/orm/hibernate-core/6.6.8.Final/hibernate-core-6.6.8.Final.jar:/Users/thanawatueasiripracha/.m2/repository/jakarta/persistence/jakarta.persistence-api/3.1.0/jakarta.persistence-api-3.1.0.jar:/Users/thanawatueasiripracha/.m2/repository/jakarta/transaction/jakarta.transaction-api/2.0.1/jakarta.transaction-api-2.0.1.jar:/Users/thanawatueasiripracha/.m2/repository/org/jboss/logging/jboss-logging/3.6.1.Final/jboss-logging-3.6.1.Final.jar:/Users/thanawatueasiripracha/.m2/repository/org/hibernate/common/hibernate-commons-annotations/7.0.3.Final/hibernate-commons-annotations-7.0.3.Final.jar:/Users/thanawatueasiripracha/.m2/repository/io/smallrye/jandex/3.2.0/jandex-3.2.0.jar:/Users/thanawatueasiripracha/.m2/repository/com/fasterxml/classmate/1.7.0/classmate-1.7.0.jar:/Users/thanawatueasiripracha/.m2/repository/net/bytebuddy/byte-buddy/1.15.11/byte-buddy-1.15.11.jar:/Users/thanawatueasiripracha/.m2/repository/org/glassfish/jaxb/jaxb-runtime/4.0.5/jaxb-runtime-4.0.5.jar:/Users/thanawatueasiripracha/.m2/repository/org/glassfish/jaxb/jaxb-core/4.0.5/jaxb-core-4.0.5.jar:/Users/thanawatueasiripracha/.m2/repository/org/eclipse/angus/angus-activation/2.0.2/angus-activation-2.0.2.jar:/Users/thanawatueasiripracha/.m2/repository/org/glassfish/jaxb/txw2/4.0.5/txw2-4.0.5.jar:/Users/thanawatueasiripracha/.m2/repository/com/sun/istack/istack-commons-runtime/4.1.2/istack-commons-runtime-4.1.2.jar:/Users/thanawatueasiripracha/.m2/repository/jakarta/inject/jakarta.inject-api/2.0.1/jakarta.inject-api-2.0.1.jar:/Users/thanawatueasiripracha/.m2/repository/org/antlr/antlr4-runtime/4.13.0/antlr4-runtime-4.13.0.jar:/Users/thanawatueasiripracha/.m2/repository/org/springframework/data/spring-data-jpa/3.4.3/spring-data-jpa-3.4.3.jar:/Users/thanawatueasiripracha/.m2/repository/org/springframework/data/spring-data-commons/3.4.3/spring-data-commons-3.4.3.jar:/Users/thanawatueasiripracha/.m2/repository/org/springframework/spring-orm/6.2.3/spring-orm-6.2.3.jar:/Users/thanawatueasiripracha/.m2/repository/org/springframework/spring-context/6.2.3/spring-context-6.2.3.jar:/Users/thanawatueasiripracha/.m2/repository/org/springframework/spring-tx/6.2.3/spring-tx-6.2.3.jar:/Users/thanawatueasiripracha/.m2/repository/org/springframework/spring-beans/6.2.3/spring-beans-6.2.3.jar:/Users/thanawatueasiripracha/.m2/repository/org/slf4j/slf4j-api/2.0.16/slf4j-api-2.0.16.jar:/Users/thanawatueasiripracha/.m2/repository/org/springframework/spring-aspects/6.2.3/spring-aspects-6.2.3.jar:/Users/thanawatueasiripracha/.m2/repository/org/aspectj/aspectjweaver/1.9.22.1/aspectjweaver-1.9.22.1.jar:/Users/thanawatueasiripracha/.m2/repository/org/springframework/boot/spring-boot-starter-web/3.4.3/spring-boot-starter-web-3.4.3.jar:/Users/thanawatueasiripracha/.m2/repository/org/springframework/boot/spring-boot-starter-json/3.4.3/spring-boot-starter-json-3.4.3.jar:/Users/thanawatueasiripracha/.m2/repository/com/fasterxml/jackson/datatype/jackson-datatype-jdk8/2.18.2/jackson-datatype-jdk8-2.18.2.jar:/Users/thanawatueasiripracha/.m2/repository/com/fasterxml/jackson/datatype/jackson-datatype-jsr310/2.18.2/jackson-datatype-jsr310-2.18.2.jar:/Users/thanawatueasiripracha/.m2/repository/com/fasterxml/jackson/module/jackson-module-parameter-names/2.18.2/jackson-module-parameter-names-2.18.2.jar:/Users/thanawatueasiripracha/.m2/repository/org/springframework/boot/spring-boot-starter-tomcat/3.4.3/spring-boot-starter-tomcat-3.4.3.jar:/Users/thanawatueasiripracha/.m2/repository/org/apache/tomcat/embed/tomcat-embed-core/10.1.36/tomcat-embed-core-10.1.36.jar:/Users/thanawatueasiripracha/.m2/repository/org/apache/tomcat/embed/tomcat-embed-websocket/10.1.36/tomcat-embed-websocket-10.1.36.jar:/Users/thanawatueasiripracha/.m2/repository/org/springframework/spring-web/6.2.3/spring-web-6.2.3.jar:/Users/thanawatueasiripracha/.m2/repository/io/micrometer/micrometer-observation/1.14.4/micrometer-observation-1.14.4.jar:/Users/thanawatueasiripracha/.m2/repository/io/micrometer/micrometer-commons/1.14.4/micrometer-commons-1.14.4.jar:/Users/thanawatueasiripracha/.m2/repository/org/springframework/spring-webmvc/6.2.3/spring-webmvc-6.2.3.jar:/Users/thanawatueasiripracha/.m2/repository/org/springframework/spring-expression/6.2.3/spring-expression-6.2.3.jar:/Users/thanawatueasiripracha/.m2/repository/org/springframework/boot/spring-boot-devtools/3.4.3/spring-boot-devtools-3.4.3.jar:/Users/thanawatueasiripracha/.m2/repository/org/springframework/boot/spring-boot/3.4.3/spring-boot-3.4.3.jar:/Users/thanawatueasiripracha/.m2/repository/org/springframework/boot/spring-boot-autoconfigure/3.4.3/spring-boot-autoconfigure-3.4.3.jar:/Users/thanawatueasiripracha/.m2/repository/org/springframework/boot/spring-boot-starter-security/3.4.3/spring-boot-starter-security-3.4.3.jar:/Users/thanawatueasiripracha/.m2/repository/org/springframework/spring-aop/6.2.3/spring-aop-6.2.3.jar:/Users/thanawatueasiripracha/.m2/repository/org/springframework/security/spring-security-config/6.4.3/spring-security-config-6.4.3.jar:/Users/thanawatueasiripracha/.m2/repository/org/springframework/security/spring-security-core/6.4.3/spring-security-core-6.4.3.jar:/Users/thanawatueasiripracha/.m2/repository/org/springframework/security/spring-security-crypto/6.4.3/spring-security-crypto-6.4.3.jar:/Users/thanawatueasiripracha/.m2/repository/org/springframework/security/spring-security-web/6.4.3/spring-security-web-6.4.3.jar:/Users/thanawatueasiripracha/.m2/repository/com/h2database/h2/2.3.232/h2-2.3.232.jar:/Users/thanawatueasiripracha/.m2/repository/org/springframework/boot/spring-boot-starter-test/3.4.3/spring-boot-starter-test-3.4.3.jar:/Users/thanawatueasiripracha/.m2/repository/org/springframework/boot/spring-boot-test/3.4.3/spring-boot-test-3.4.3.jar:/Users/thanawatueasiripracha/.m2/repository/org/springframework/boot/spring-boot-test-autoconfigure/3.4.3/spring-boot-test-autoconfigure-3.4.3.jar:/Users/thanawatueasiripracha/.m2/repository/com/jayway/jsonpath/json-path/2.9.0/json-path-2.9.0.jar:/Users/thanawatueasiripracha/.m2/repository/jakarta/xml/bind/jakarta.xml.bind-api/4.0.2/jakarta.xml.bind-api-4.0.2.jar:/Users/thanawatueasiripracha/.m2/repository/jakarta/activation/jakarta.activation-api/2.1.3/jakarta.activation-api-2.1.3.jar:/Users/thanawatueasiripracha/.m2/repository/net/minidev/json-smart/2.5.2/json-smart-2.5.2.jar:/Users/thanawatueasiripracha/.m2/repository/net/minidev/accessors-smart/2.5.2/accessors-smart-2.5.2.jar:/Users/thanawatueasiripracha/.m2/repository/org/ow2/asm/asm/9.7.1/asm-9.7.1.jar:/Users/thanawatueasiripracha/.m2/repository/org/assertj/assertj-core/3.26.3/assertj-core-3.26.3.jar:/Users/thanawatueasiripracha/.m2/repository/org/awaitility/awaitility/4.2.2/awaitility-4.2.2.jar:/Users/thanawatueasiripracha/.m2/repository/org/hamcrest/hamcrest/2.2/hamcrest-2.2.jar:/Users/thanawatueasiripracha/.m2/repository/org/junit/jupiter/junit-jupiter/5.11.4/junit-jupiter-5.11.4.jar:/Users/thanawatueasiripracha/.m2/repository/org/junit/jupiter/junit-jupiter-api/5.11.4/junit-jupiter-api-5.11.4.jar:/Users/thanawatueasiripracha/.m2/repository/org/opentest4j/opentest4j/1.3.0/opentest4j-1.3.0.jar:/Users/thanawatueasiripracha/.m2/repository/org/junit/platform/junit-platform-commons/1.11.4/junit-platform-commons-1.11.4.jar:/Users/thanawatueasiripracha/.m2/repository/org/apiguardian/apiguardian-api/1.1.2/apiguardian-api-1.1.2.jar:/Users/thanawatueasiripracha/.m2/repository/org/junit/jupiter/junit-jupiter-params/5.11.4/junit-jupiter-params-5.11.4.jar:/Users/thanawatueasiripracha/.m2/repository/org/junit/jupiter/junit-jupiter-engine/5.11.4/junit-jupiter-engine-5.11.4.jar:/Users/thanawatueasiripracha/.m2/repository/org/junit/platform/junit-platform-engine/1.11.4/junit-platform-engine-1.11.4.jar:/Users/thanawatueasiripracha/.m2/repository/org/mockito/mockito-core/5.14.2/mockito-core-5.14.2.jar:/Users/thanawatueasiripracha/.m2/repository/net/bytebuddy/byte-buddy-agent/1.15.11/byte-buddy-agent-1.15.11.jar:/Users/thanawatueasiripracha/.m2/repository/org/objenesis/objenesis/3.3/objenesis-3.3.jar:/Users/thanawatueasiripracha/.m2/repository/org/mockito/mockito-junit-jupiter/5.14.2/mockito-junit-jupiter-5.14.2.jar:/Users/thanawatueasiripracha/.m2/repository/org/skyscreamer/jsonassert/1.5.3/jsonassert-1.5.3.jar:/Users/thanawatueasiripracha/.m2/repository/com/vaadin/external/google/android-json/0.0.20131108.vaadin1/android-json-0.0.20131108.vaadin1.jar:/Users/thanawatueasiripracha/.m2/repository/org/springframework/spring-core/6.2.3/spring-core-6.2.3.jar:/Users/thanawatueasiripracha/.m2/repository/org/springframework/spring-jcl/6.2.3/spring-jcl-6.2.3.jar:/Users/thanawatueasiripracha/.m2/repository/org/springframework/spring-test/6.2.3/spring-test-6.2.3.jar:/Users/thanawatueasiripracha/.m2/repository/org/xmlunit/xmlunit-core/2.10.0/xmlunit-core-2.10.0.jar:/Users/thanawatueasiripracha/.m2/repository/org/springframework/boot/spring-boot-starter-validation/3.4.3/spring-boot-starter-validation-3.4.3.jar:/Users/thanawatueasiripracha/.m2/repository/org/apache/tomcat/embed/tomcat-embed-el/10.1.36/tomcat-embed-el-10.1.36.jar:/Users/thanawatueasiripracha/.m2/repository/org/hibernate/validator/hibernate-validator/8.0.2.Final/hibernate-validator-8.0.2.Final.jar:/Users/thanawatueasiripracha/.m2/repository/jakarta/validation/jakarta.validation-api/3.0.2/jakarta.validation-api-3.0.2.jar:/Users/thanawatueasiripracha/.m2/repository/org/projectlombok/lombok/1.18.36/lombok-1.18.36.jar:/Users/thanawatueasiripracha/.m2/repository/org/springdoc/springdoc-openapi-starter-webmvc-ui/2.7.0/springdoc-openapi-starter-webmvc-ui-2.7.0.jar:/Users/thanawatueasiripracha/.m2/repository/org/springdoc/springdoc-openapi-starter-webmvc-api/2.7.0/springdoc-openapi-starter-webmvc-api-2.7.0.jar:/Users/thanawatueasiripracha/.m2/repository/org/springdoc/springdoc-openapi-starter-common/2.7.0/springdoc-openapi-starter-common-2.7.0.jar:/Users/thanawatueasiripracha/.m2/repository/io/swagger/core/v3/swagger-core-jakarta/2.2.25/swagger-core-jakarta-2.2.25.jar:/Users/thanawatueasiripracha/.m2/repository/org/apache/commons/commons-lang3/3.17.0/commons-lang3-3.17.0.jar:/Users/thanawatueasiripracha/.m2/repository/io/swagger/core/v3/swagger-annotations-jakarta/2.2.25/swagger-annotations-jakarta-2.2.25.jar:/Users/thanawatueasiripracha/.m2/repository/io/swagger/core/v3/swagger-models-jakarta/2.2.25/swagger-models-jakarta-2.2.25.jar:/Users/thanawatueasiripracha/.m2/repository/com/fasterxml/jackson/dataformat/jackson-dataformat-yaml/2.18.2/jackson-dataformat-yaml-2.18.2.jar:/Users/thanawatueasiripracha/.m2/repository/org/webjars/swagger-ui/5.18.2/swagger-ui-5.18.2.jar:/Users/thanawatueasiripracha/.m2/repository/org/webjars/webjars-locator-lite/1.0.1/webjars-locator-lite-1.0.1.jar:/Users/thanawatueasiripracha/.m2/repository/org/jspecify/jspecify/1.0.0/jspecify-1.0.0.jar:/Users/thanawatueasiripracha/.m2/repository/com/auth0/java-jwt/4.0.0/java-jwt-4.0.0.jar:/Users/thanawatueasiripracha/.m2/repository/com/fasterxml/jackson/core/jackson-databind/2.18.2/jackson-databind-2.18.2.jar:/Users/thanawatueasiripracha/.m2/repository/com/fasterxml/jackson/core/jackson-annotations/2.18.2/jackson-annotations-2.18.2.jar:/Users/thanawatueasiripracha/.m2/repository/com/fasterxml/jackson/core/jackson-core/2.18.2/jackson-core-2.18.2.jar:"/>
    <property name="sun.cpu.endian" value="little"/>
    <property name="user.home" value="/Users/thanawatueasiripracha"/>
    <property name="user.language" value="en"/>
    <property name="java.specification.vendor" value="Oracle Corporation"/>
    <property name="java.version.date" value="2025-09-16"/>
    <property name="java.home" value="/opt/homebrew/Cellar/openjdk/25/libexec/openjdk.jdk/Contents/Home"/>
    <property name="file.separator" value="/"/>
    <property name="basedir" value="/Users/thanawatueasiripracha/Desktop/KKU/ticket_dorm"/>
    <property name="java.vm.compressedOopsMode" value="Zero based"/>
    <property name="line.separator" value="&#10;"/>
    <property name="java.vm.specification.vendor" value="Oracle Corporation"/>
    <property name="java.specification.name" value="Java Platform API Specification"/>
    <property name="FILE_LOG_CHARSET" value="UTF-8"/>
    <property name="java.awt.headless" value="true"/>
    <property name="apple.awt.application.name" value="ForkedBooter"/>
    <property name="surefire.real.class.path" value="/Users/thanawatueasiripracha/Desktop/KKU/ticket_dorm/target/surefire/surefirebooter-20251002162559788_3.jar"/>
    <property name="sun.management.compiler" value="HotSpot 64-Bit Tiered Compilers"/>
    <property name="ftp.nonProxyHosts" value="local|*.local|169.254/16|*.169.254/16"/>
    <property name="java.runtime.version" value="25"/>
    <property name="user.name" value="thanawatueasiripracha"/>
    <property name="stdout.encoding" value="UTF-8"/>
    <property name="path.separator" value=":"/>
    <property name="os.version" value="15.6.1"/>
    <property name="java.runtime.name" value="OpenJDK Runtime Environment"/>
    <property name="file.encoding" value="UTF-8"/>
    <property name="java.vm.name" value="OpenJDK 64-Bit Server VM"/>
    <property name="java.vendor.version" value="Homebrew"/>
    <property name="localRepository" value="/Users/thanawatueasiripracha/.m2/repository"/>
    <property name="java.vendor.url.bug" value="https://github.com/Homebrew/homebrew-core/issues"/>
    <property name="java.io.tmpdir" value="/var/folders/yj/r8k46fsx73s8qpl3typ623r40000gn/T/"/>
    <property name="com.zaxxer.hikari.pool_number" value="1"/>
    <property name="java.version" value="25"/>
    <property name="user.dir" value="/Users/thanawatueasiripracha/Desktop/KKU/ticket_dorm"/>
    <property name="os.arch" value="aarch64"/>
    <property name="java.vm.specification.name" value="Java Virtual Machine Specification"/>
    <property name="PID" value="91418"/>
    <property name="CONSOLE_LOG_CHARSET" value="UTF-8"/>
    <property name="native.encoding" value="UTF-8"/>
    <property name="java.library.path" value="/Users/thanawatueasiripracha/Library/Java/Extensions:/Library/Java/Extensions:/Network/Library/Java/Extensions:/System/Library/Java/Extensions:/usr/lib/java:."/>
    <property name="java.vm.info" value="mixed mode, sharing"/>
    <property name="stderr.encoding" value="UTF-8"/>
    <property name="java.vendor" value="Homebrew"/>
    <property name="java.vm.version" value="25"/>
    <property name="stdin.encoding" value="UTF-8"/>
    <property name="sun.io.unicode.encoding" value="UnicodeBig"/>
    <property name="socksNonProxyHosts" value="local|*.local|169.254/16|*.169.254/16"/>
    <property name="java.class.version" value="69.0"/>
    <property name="LOGGED_APPLICATION_NAME" value="[ticketing] "/>
  </properties>
  <testcase name="contextLoads" classname="com.codelogium.ticketing.TicketingApplicationTests" time="0.003">
    <system-out><![CDATA[16:26:00.582 [main] INFO org.springframework.test.context.support.AnnotationConfigContextLoaderUtils -- Could not detect default configuration classes for test class [com.codelogium.ticketing.TicketingApplicationTests]: TicketingApplicationTests does not declare any static, non-private, non-final, nested classes annotated with @Configuration.
16:26:00.610 [main] INFO org.springframework.boot.test.context.SpringBootTestContextBootstrapper -- Found @SpringBootConfiguration com.codelogium.ticketing.TicketingApplication for test class com.codelogium.ticketing.TicketingApplicationTests
16:26:00.638 [main] INFO org.springframework.boot.devtools.restart.RestartApplicationListener -- Restart disabled due to context in which it is running

  .   ____          _            __ _ _
 /\\ / ___'_ __ _ _(_)_ __  __ _ \ \ \ \
( ( )\___ | '_ | '_| | '_ \/ _` | \ \ \ \
 \\/  ___)| |_)| | | | | || (_| |  ) ) ) )
  '  |____| .__|_| |_|_| |_\__, | / / / /
 =========|_|==============|___/=/_/_/_/

 :: Spring Boot ::                (v3.4.3)

2025-10-02T16:26:00.700+07:00  INFO 91418 --- [ticketing] [           main] c.c.ticketing.TicketingApplicationTests  : Starting TicketingApplicationTests using Java 25 with PID 91418 (started by thanawatueasiripracha in /Users/thanawatueasiripracha/Desktop/KKU/ticket_dorm)
2025-10-02T16:26:00.701+07:00  INFO 91418 --- [ticketing] [           main] c.c.ticketing.TicketingApplicationTests  : No active profile set, falling back to 1 default profile: "default"
2025-10-02T16:26:00.931+07:00  INFO 91418 --- [ticketing] [           main] .s.d.r.c.RepositoryConfigurationDelegate : Bootstrapping Spring Data JPA repositories in DEFAULT mode.
2025-10-02T16:26:00.947+07:00  INFO 91418 --- [ticketing] [           main] .s.d.r.c.RepositoryConfigurationDelegate : Finished Spring Data repository scanning in 13 ms. Found 4 JPA repository interfaces.
2025-10-02T16:26:01.068+07:00 DEBUG 91418 --- [ticketing] [           main] com.zaxxer.hikari.HikariConfig           : Driver class org.h2.Driver found in Thread context class loader jdk.internal.loader.ClassLoaders$AppClassLoader@7a8c5397
2025-10-02T16:26:01.096+07:00 DEBUG 91418 --- [ticketing] [           main] com.zaxxer.hikari.HikariConfig           : HikariPool-1 - configuration:
2025-10-02T16:26:01.097+07:00 DEBUG 91418 --- [ticketing] [           main] com.zaxxer.hikari.HikariConfig           : allowPoolSuspension.............false
2025-10-02T16:26:01.097+07:00 DEBUG 91418 --- [ticketing] [           main] com.zaxxer.hikari.HikariConfig           : autoCommit......................true
2025-10-02T16:26:01.097+07:00 DEBUG 91418 --- [ticketing] [           main] com.zaxxer.hikari.HikariConfig           : catalog.........................none
2025-10-02T16:26:01.098+07:00 DEBUG 91418 --- [ticketing] [           main] com.zaxxer.hikari.HikariConfig           : connectionInitSql...............none
2025-10-02T16:26:01.098+07:00 DEBUG 91418 --- [ticketing] [           main] com.zaxxer.hikari.HikariConfig           : connectionTestQuery.............none
2025-10-02T16:26:01.098+07:00 DEBUG 91418 --- [ticketing] [           main] com.zaxxer.hikari.HikariConfig           : connectionTimeout...............50000
2025-10-02T16:26:01.098+07:00 DEBUG 91418 --- [ticketing] [           main] com.zaxxer.hikari.HikariConfig           : dataSource......................none
2025-10-02T16:26:01.098+07:00 DEBUG 91418 --- [ticketing] [           main] com.zaxxer.hikari.HikariConfig           : dataSourceClassName.............none
2025-10-02T16:26:01.098+07:00 DEBUG 91418 --- [ticketing] [           main] com.zaxxer.hikari.HikariConfig           : dataSourceJNDI..................none
2025-10-02T16:26:01.098+07:00 DEBUG 91418 --- [ticketing] [           main] com.zaxxer.hikari.HikariConfig           : dataSourceProperties............{password=<masked>}
2025-10-02T16:26:01.098+07:00 DEBUG 91418 --- [ticketing] [           main] com.zaxxer.hikari.HikariConfig           : driverClassName................."org.h2.Driver"
2025-10-02T16:26:01.098+07:00 DEBUG 91418 --- [ticketing] [           main] com.zaxxer.hikari.HikariConfig           : exceptionOverrideClassName......none
2025-10-02T16:26:01.098+07:00 DEBUG 91418 --- [ticketing] [           main] com.zaxxer.hikari.HikariConfig           : healthCheckProperties...........{}
2025-10-02T16:26:01.098+07:00 DEBUG 91418 --- [ticketing] [           main] com.zaxxer.hikari.HikariConfig           : healthCheckRegistry.............none
2025-10-02T16:26:01.098+07:00 DEBUG 91418 --- [ticketing] [           main] com.zaxxer.hikari.HikariConfig           : idleTimeout.....................600000
2025-10-02T16:26:01.098+07:00 DEBUG 91418 --- [ticketing] [           main] com.zaxxer.hikari.HikariConfig           : initializationFailTimeout.......1
2025-10-02T16:26:01.098+07:00 DEBUG 91418 --- [ticketing] [           main] com.zaxxer.hikari.HikariConfig           : isolateInternalQueries..........false
2025-10-02T16:26:01.098+07:00 DEBUG 91418 --- [ticketing] [           main] com.zaxxer.hikari.HikariConfig           : jdbcUrl.........................jdbc:h2:mem:ticketing
2025-10-02T16:26:01.099+07:00 DEBUG 91418 --- [ticketing] [           main] com.zaxxer.hikari.HikariConfig           : keepaliveTime...................0
2025-10-02T16:26:01.099+07:00 DEBUG 91418 --- [ticketing] [           main] com.zaxxer.hikari.HikariConfig           : leakDetectionThreshold..........0
2025-10-02T16:26:01.099+07:00 DEBUG 91418 --- [ticketing] [           main] com.zaxxer.hikari.HikariConfig           : maxLifetime.....................1800000
2025-10-02T16:26:01.099+07:00 DEBUG 91418 --- [ticketing] [           main] com.zaxxer.hikari.HikariConfig           : maximumPoolSize.................30
2025-10-02T16:26:01.099+07:00 DEBUG 91418 --- [ticketing] [           main] com.zaxxer.hikari.HikariConfig           : metricRegistry..................none
2025-10-02T16:26:01.099+07:00 DEBUG 91418 --- [ticketing] [           main] com.zaxxer.hikari.HikariConfig           : metricsTrackerFactory...........none
2025-10-02T16:26:01.099+07:00 DEBUG 91418 --- [ticketing] [           main] com.zaxxer.hikari.HikariConfig           : minimumIdle.....................20
2025-10-02T16:26:01.099+07:00 DEBUG 91418 --- [ticketing] [           main] com.zaxxer.hikari.HikariConfig           : password........................<masked>
2025-10-02T16:26:01.099+07:00 DEBUG 91418 --- [ticketing] [           main] com.zaxxer.hikari.HikariConfig           : poolName........................"HikariPool-1"
2025-10-02T16:26:01.099+07:00 DEBUG 91418 --- [ticketing] [           main] com.zaxxer.hikari.HikariConfig           : readOnly........................false
2025-10-02T16:26:01.099+07:00 DEBUG 91418 --- [ticketing] [           main] com.zaxxer.hikari.HikariConfig           : registerMbeans..................false
2025-10-02T16:26:01.099+07:00 DEBUG 91418 --- [ticketing] [           main] com.zaxxer.hikari.HikariConfig           : scheduledExecutor...............none
2025-10-02T16:26:01.099+07:00 DEBUG 91418 --- [ticketing] [           main] com.zaxxer.hikari.HikariConfig           : schema..........................none
2025-10-02T16:26:01.099+07:00 DEBUG 91418 --- [ticketing] [           main] com.zaxxer.hikari.HikariConfig           : threadFactory...................internal
2025-10-02T16:26:01.099+07:00 DEBUG 91418 --- [ticketing] [           main] com.zaxxer.hikari.HikariConfig           : transactionIsolation............default
2025-10-02T16:26:01.099+07:00 DEBUG 91418 --- [ticketing] [           main] com.zaxxer.hikari.HikariConfig           : username........................"sa"
2025-10-02T16:26:01.099+07:00 DEBUG 91418 --- [ticketing] [           main] com.zaxxer.hikari.HikariConfig           : validationTimeout...............5000
2025-10-02T16:26:01.099+07:00  INFO 91418 --- [ticketing] [           main] com.zaxxer.hikari.HikariDataSource       : HikariPool-1 - Starting...
2025-10-02T16:26:01.164+07:00  INFO 91418 --- [ticketing] [           main] com.zaxxer.hikari.pool.HikariPool        : HikariPool-1 - Added connection conn0: url=jdbc:h2:mem:ticketing user=SA
2025-10-02T16:26:01.165+07:00  INFO 91418 --- [ticketing] [           main] com.zaxxer.hikari.HikariDataSource       : HikariPool-1 - Start completed.
2025-10-02T16:26:01.187+07:00  INFO 91418 --- [ticketing] [           main] o.hibernate.jpa.internal.util.LogHelper  : HHH000204: Processing PersistenceUnitInfo [name: default]
2025-10-02T16:26:01.201+07:00  INFO 91418 --- [ticketing] [           main] org.hibernate.Version                    : HHH000412: Hibernate ORM core version 6.6.8.Final
2025-10-02T16:26:01.211+07:00  INFO 91418 --- [ticketing] [           main] o.h.c.internal.RegionFactoryInitiator    : HHH000026: Second-level cache disabled
2025-10-02T16:26:01.249+07:00  INFO 91418 --- [ticketing] [           main] o.s.o.j.p.SpringPersistenceUnitInfo      : No LoadTimeWeaver setup: ignoring JPA class transformer
2025-10-02T16:26:01.264+07:00  WARN 91418 --- [ticketing] [           main] org.hibernate.orm.deprecation            : HHH90000025: H2Dialect does not need to be specified explicitly using 'hibernate.dialect' (remove the property setting and it will be selected by default)
2025-10-02T16:26:01.269+07:00  INFO 91418 --- [ticketing] [           main] org.hibernate.orm.connections.pooling    : HHH10001005: Database info:
	Database JDBC URL [Connecting through datasource 'HikariDataSource (HikariPool-1)']
	Database driver: undefined/unknown
	Database version: 2.3.232
	Autocommit mode: undefined/unknown
	Isolation level: undefined/unknown
	Minimum pool size: undefined/unknown
	Maximum pool size: undefined/unknown
2025-10-02T16:26:01.270+07:00 DEBUG 91418 --- [ticketing] [l-1 housekeeper] com.zaxxer.hikari.pool.HikariPool        : HikariPool-1 - Before cleanup stats (total=1, active=0, idle=1, waiting=0)
2025-10-02T16:26:01.270+07:00 DEBUG 91418 --- [ticketing] [l-1 housekeeper] com.zaxxer.hikari.pool.HikariPool        : HikariPool-1 - After cleanup  stats (total=1, active=0, idle=1, waiting=0)
2025-10-02T16:26:01.271+07:00 DEBUG 91418 --- [ticketing] [onnection adder] com.zaxxer.hikari.pool.HikariPool        : HikariPool-1 - Added connection conn1: url=jdbc:h2:mem:ticketing user=SA
2025-10-02T16:26:01.306+07:00 DEBUG 91418 --- [ticketing] [onnection adder] com.zaxxer.hikari.pool.HikariPool        : HikariPool-1 - After adding stats (total=2, active=0, idle=2, waiting=0)
2025-10-02T16:26:01.306+07:00 DEBUG 91418 --- [ticketing] [onnection adder] com.zaxxer.hikari.pool.HikariPool        : HikariPool-1 - Added connection conn2: url=jdbc:h2:mem:ticketing user=SA
2025-10-02T16:26:01.337+07:00 DEBUG 91418 --- [ticketing] [onnection adder] com.zaxxer.hikari.pool.HikariPool        : HikariPool-1 - After adding stats (total=3, active=0, idle=3, waiting=0)
2025-10-02T16:26:01.337+07:00 DEBUG 91418 --- [ticketing] [onnection adder] com.zaxxer.hikari.pool.HikariPool        : HikariPool-1 - Added connection conn3: url=jdbc:h2:mem:ticketing user=SA
2025-10-02T16:26:01.372+07:00 DEBUG 91418 --- [ticketing] [onnection adder] com.zaxxer.hikari.pool.HikariPool        : HikariPool-1 - After adding stats (total=4, active=0, idle=4, waiting=0)
2025-10-02T16:26:01.372+07:00 DEBUG 91418 --- [ticketing] [onnection adder] com.zaxxer.hikari.pool.HikariPool        : HikariPool-1 - Added connection conn4: url=jdbc:h2:mem:ticketing user=SA
2025-10-02T16:26:01.407+07:00 DEBUG 91418 --- [ticketing] [onnection adder] com.zaxxer.hikari.pool.HikariPool        : HikariPool-1 - After adding stats (total=5, active=0, idle=5, waiting=0)
2025-10-02T16:26:01.408+07:00 DEBUG 91418 --- [ticketing] [onnection adder] com.zaxxer.hikari.pool.HikariPool        : HikariPool-1 - Added connection conn5: url=jdbc:h2:mem:ticketing user=SA
2025-10-02T16:26:01.440+07:00 DEBUG 91418 --- [ticketing] [onnection adder] com.zaxxer.hikari.pool.HikariPool        : HikariPool-1 - After adding stats (total=6, active=0, idle=6, waiting=0)
2025-10-02T16:26:01.440+07:00 DEBUG 91418 --- [ticketing] [onnection adder] com.zaxxer.hikari.pool.HikariPool        : HikariPool-1 - Added connection conn6: url=jdbc:h2:mem:ticketing user=SA
2025-10-02T16:26:01.465+07:00  INFO 91418 --- [ticketing] [           main] o.h.m.i.EntityInstantiatorPojoStandard   : HHH000182: No default (no-argument) constructor for class: com.codelogium.ticketing.entity.User (class must be instantiated by Interceptor)
2025-10-02T16:26:01.475+07:00 DEBUG 91418 --- [ticketing] [onnection adder] com.zaxxer.hikari.pool.HikariPool        : HikariPool-1 - After adding stats (total=7, active=0, idle=7, waiting=0)
2025-10-02T16:26:01.476+07:00 DEBUG 91418 --- [ticketing] [onnection adder] com.zaxxer.hikari.pool.HikariPool        : HikariPool-1 - Added connection conn7: url=jdbc:h2:mem:ticketing user=SA
2025-10-02T16:26:01.477+07:00  INFO 91418 --- [ticketing] [           main] o.h.m.i.EntityInstantiatorPojoStandard   : HHH000182: No default (no-argument) constructor for class: com.codelogium.ticketing.entity.AuditLog (class must be instantiated by Interceptor)
2025-10-02T16:26:01.480+07:00  INFO 91418 --- [ticketing] [           main] o.h.m.i.EntityInstantiatorPojoStandard   : HHH000182: No default (no-argument) constructor for class: com.codelogium.ticketing.entity.Ticket (class must be instantiated by Interceptor)
2025-10-02T16:26:01.508+07:00 DEBUG 91418 --- [ticketing] [onnection adder] com.zaxxer.hikari.pool.HikariPool        : HikariPool-1 - After adding stats (total=8, active=0, idle=8, waiting=0)
2025-10-02T16:26:01.508+07:00 DEBUG 91418 --- [ticketing] [onnection adder] com.zaxxer.hikari.pool.HikariPool        : HikariPool-1 - Added connection conn8: url=jdbc:h2:mem:ticketing user=SA
2025-10-02T16:26:01.543+07:00 DEBUG 91418 --- [ticketing] [onnection adder] com.zaxxer.hikari.pool.HikariPool        : HikariPool-1 - After adding stats (total=9, active=0, idle=9, waiting=0)
2025-10-02T16:26:01.543+07:00  INFO 91418 --- [ticketing] [           main] o.h.e.t.j.p.i.JtaPlatformInitiator       : HHH000489: No JTA platform available (set 'hibernate.transaction.jta.platform' to enable JTA platform integration)
2025-10-02T16:26:01.543+07:00 DEBUG 91418 --- [ticketing] [onnection adder] com.zaxxer.hikari.pool.HikariPool        : HikariPool-1 - Added connection conn9: url=jdbc:h2:mem:ticketing user=SA
Hibernate: 
    drop table if exists audit_logs cascade 
Hibernate: 
    drop table if exists comments cascade 
Hibernate: 
    drop table if exists tickets cascade 
Hibernate: 
    drop table if exists users cascade 
Hibernate: 
    create table audit_logs (
        comment_id bigint,
        id bigint generated by default as identity,
        ticket_id bigint,
        timestamp timestamp(6) with time zone,
        user_id bigint,
        action varchar(255),
        new_value varchar(255),
        old_value varchar(255),
        primary key (id)
    )
Hibernate: 
    create table comments (
        created_at timestamp(6) with time zone,
        id bigint generated by default as identity,
        ticket_id bigint,
        user_id bigint,
        content varchar(255) not null,
        primary key (id)
    )
Hibernate: 
    create table tickets (
        creation_date timestamp(6) with time zone,
        id bigint generated by default as identity,
        user_id bigint,
        description varchar(255) not null,
        title varchar(255) not null,
        category enum ('HARDWARE','NETWORK','OTHER','SOFTWARE'),
        priority enum ('HIGH','LOW','MEDIUM'),
        status enum ('IN_PROGRESS','NEW','RESOLVED'),
        primary key (id)
    )
Hibernate: 
    create table users (
        id bigint generated by default as identity,
        username varchar(8) not null,
        email varchar(255) not null,
        password varchar(255) not null,
        role enum ('EMPLOYEE','IT_SUPPORT'),
        primary key (id)
    )
Hibernate: 
    alter table if exists comments 
       add constraint FK8omq0tc18jd43bu5tjh6jvraq 
       foreign key (user_id) 
       references users
Hibernate: 
    alter table if exists comments 
       add constraint FKj7vc0aigr2m5mew52v7ddt4fo 
       foreign key (ticket_id) 
       references tickets
Hibernate: 
    alter table if exists tickets 
       add constraint FK4eqsebpimnjen0q46ja6fl2hl 
       foreign key (user_id) 
       references users
2025-10-02T16:26:01.561+07:00  INFO 91418 --- [ticketing] [           main] j.LocalContainerEntityManagerFactoryBean : Initialized JPA EntityManagerFactory for persistence unit 'default'
2025-10-02T16:26:01.579+07:00 DEBUG 91418 --- [ticketing] [onnection adder] com.zaxxer.hikari.pool.HikariPool        : HikariPool-1 - After adding stats (total=10, active=0, idle=10, waiting=0)
2025-10-02T16:26:01.579+07:00 DEBUG 91418 --- [ticketing] [onnection adder] com.zaxxer.hikari.pool.HikariPool        : HikariPool-1 - Added connection conn10: url=jdbc:h2:mem:ticketing user=SA
2025-10-02T16:26:01.611+07:00 DEBUG 91418 --- [ticketing] [onnection adder] com.zaxxer.hikari.pool.HikariPool        : HikariPool-1 - After adding stats (total=11, active=0, idle=11, waiting=0)
2025-10-02T16:26:01.612+07:00 DEBUG 91418 --- [ticketing] [onnection adder] com.zaxxer.hikari.pool.HikariPool        : HikariPool-1 - Added connection conn11: url=jdbc:h2:mem:ticketing user=SA
2025-10-02T16:26:01.649+07:00 DEBUG 91418 --- [ticketing] [onnection adder] com.zaxxer.hikari.pool.HikariPool        : HikariPool-1 - After adding stats (total=12, active=0, idle=12, waiting=0)
2025-10-02T16:26:01.649+07:00 DEBUG 91418 --- [ticketing] [onnection adder] com.zaxxer.hikari.pool.HikariPool        : HikariPool-1 - Added connection conn12: url=jdbc:h2:mem:ticketing user=SA
2025-10-02T16:26:01.682+07:00 DEBUG 91418 --- [ticketing] [onnection adder] com.zaxxer.hikari.pool.HikariPool        : HikariPool-1 - After adding stats (total=13, active=0, idle=13, waiting=0)
2025-10-02T16:26:01.683+07:00 DEBUG 91418 --- [ticketing] [onnection adder] com.zaxxer.hikari.pool.HikariPool        : HikariPool-1 - Added connection conn13: url=jdbc:h2:mem:ticketing user=SA
2025-10-02T16:26:01.686+07:00  INFO 91418 --- [ticketing] [           main] o.s.d.j.r.query.QueryEnhancerFactory     : Hibernate is in classpath; If applicable, HQL parser will be used.
2025-10-02T16:26:01.718+07:00 DEBUG 91418 --- [ticketing] [onnection adder] com.zaxxer.hikari.pool.HikariPool        : HikariPool-1 - After adding stats (total=14, active=0, idle=14, waiting=0)
2025-10-02T16:26:01.718+07:00 DEBUG 91418 --- [ticketing] [onnection adder] com.zaxxer.hikari.pool.HikariPool        : HikariPool-1 - Added connection conn14: url=jdbc:h2:mem:ticketing user=SA
2025-10-02T16:26:01.753+07:00 DEBUG 91418 --- [ticketing] [onnection adder] com.zaxxer.hikari.pool.HikariPool        : HikariPool-1 - After adding stats (total=15, active=0, idle=15, waiting=0)
2025-10-02T16:26:01.753+07:00 DEBUG 91418 --- [ticketing] [onnection adder] com.zaxxer.hikari.pool.HikariPool        : HikariPool-1 - Added connection conn15: url=jdbc:h2:mem:ticketing user=SA
2025-10-02T16:26:01.792+07:00 DEBUG 91418 --- [ticketing] [onnection adder] com.zaxxer.hikari.pool.HikariPool        : HikariPool-1 - After adding stats (total=16, active=0, idle=16, waiting=0)
2025-10-02T16:26:01.792+07:00 DEBUG 91418 --- [ticketing] [onnection adder] com.zaxxer.hikari.pool.HikariPool        : HikariPool-1 - Added connection conn16: url=jdbc:h2:mem:ticketing user=SA
2025-10-02T16:26:01.827+07:00 DEBUG 91418 --- [ticketing] [onnection adder] com.zaxxer.hikari.pool.HikariPool        : HikariPool-1 - After adding stats (total=17, active=0, idle=17, waiting=0)
2025-10-02T16:26:01.828+07:00 DEBUG 91418 --- [ticketing] [onnection adder] com.zaxxer.hikari.pool.HikariPool        : HikariPool-1 - Added connection conn17: url=jdbc:h2:mem:ticketing user=SA
2025-10-02T16:26:01.859+07:00 DEBUG 91418 --- [ticketing] [onnection adder] com.zaxxer.hikari.pool.HikariPool        : HikariPool-1 - After adding stats (total=18, active=0, idle=18, waiting=0)
2025-10-02T16:26:01.859+07:00 DEBUG 91418 --- [ticketing] [onnection adder] com.zaxxer.hikari.pool.HikariPool        : HikariPool-1 - Added connection conn18: url=jdbc:h2:mem:ticketing user=SA
2025-10-02T16:26:01.899+07:00 DEBUG 91418 --- [ticketing] [onnection adder] com.zaxxer.hikari.pool.HikariPool        : HikariPool-1 - After adding stats (total=19, active=0, idle=19, waiting=0)
2025-10-02T16:26:01.899+07:00 DEBUG 91418 --- [ticketing] [onnection adder] com.zaxxer.hikari.pool.HikariPool        : HikariPool-1 - Added connection conn19: url=jdbc:h2:mem:ticketing user=SA
2025-10-02T16:26:01.934+07:00 DEBUG 91418 --- [ticketing] [onnection adder] com.zaxxer.hikari.pool.HikariPool        : HikariPool-1 - After adding stats (total=20, active=0, idle=20, waiting=0)
2025-10-02T16:26:02.005+07:00  WARN 91418 --- [ticketing] [           main] JpaBaseConfiguration$JpaWebConfiguration : spring.jpa.open-in-view is enabled by default. Therefore, database queries may be performed during view rendering. Explicitly configure spring.jpa.open-in-view to disable this warning
2025-10-02T16:26:02.014+07:00  INFO 91418 --- [ticketing] [           main] r$InitializeUserDetailsManagerConfigurer : Global AuthenticationManager configured with UserDetailsService bean with name customUserDetailsServiceImp
2025-10-02T16:26:02.141+07:00 DEBUG 91418 --- [ticketing] [           main] o.s.s.web.DefaultSecurityFilterChain     : Will secure any request with filters: DisableEncodeUrlFilter, WebAsyncManagerIntegrationFilter, SecurityContextHolderFilter, LogoutFilter, ExceptionHandlerFilter, AuthenticationFilter, JWTAuthorizationFilter, RequestCacheAwareFilter, SecurityContextHolderAwareRequestFilter, AnonymousAuthenticationFilter, SessionManagementFilter, ExceptionTranslationFilter, AuthorizationFilter
2025-10-02T16:26:02.274+07:00  INFO 91418 --- [ticketing] [           main] o.s.b.a.h2.H2ConsoleAutoConfiguration    : H2 console available at '/h2-console'. Database available at 'jdbc:h2:mem:ticketing'
2025-10-02T16:26:02.299+07:00  INFO 91418 --- [ticketing] [           main] c.c.ticketing.TicketingApplicationTests  : Started TicketingApplicationTests in 1.662 seconds (process running for 2.476)
]]></system-out>
  </testcase>
</testsuite>